2024-09-27T10:11:53.225+09:00  INFO 9668 --- [restartedMain] com.project.ecodein.EcoDeInApplication   : Starting EcoDeInApplication using Java 17.0.11 with PID 9668 (D:\fullstack\workspace-final\eco_de_in\bin\main started by hi in D:\fullstack\workspace-final\eco_de_in)
2024-09-27T10:11:53.228+09:00  INFO 9668 --- [restartedMain] com.project.ecodein.EcoDeInApplication   : No active profile set, falling back to 1 default profile: "default"
2024-09-27T10:11:53.257+09:00  INFO 9668 --- [restartedMain] .e.DevToolsPropertyDefaultsPostProcessor : Devtools property defaults active! Set 'spring.devtools.add-properties' to 'false' to disable
2024-09-27T10:11:53.258+09:00  INFO 9668 --- [restartedMain] .e.DevToolsPropertyDefaultsPostProcessor : For additional web related logging consider setting the 'logging.level.web' property to 'DEBUG'
2024-09-27T10:11:53.623+09:00  INFO 9668 --- [restartedMain] .s.d.r.c.RepositoryConfigurationDelegate : Bootstrapping Spring Data JPA repositories in DEFAULT mode.
2024-09-27T10:11:53.670+09:00  INFO 9668 --- [restartedMain] .s.d.r.c.RepositoryConfigurationDelegate : Finished Spring Data repository scanning in 41 ms. Found 7 JPA repository interfaces.
2024-09-27T10:11:54.067+09:00  INFO 9668 --- [restartedMain] o.s.b.w.embedded.tomcat.TomcatWebServer  : Tomcat initialized with port 80 (http)
2024-09-27T10:11:54.077+09:00  INFO 9668 --- [restartedMain] o.apache.catalina.core.StandardService   : Starting service [Tomcat]
2024-09-27T10:11:54.077+09:00  INFO 9668 --- [restartedMain] o.apache.catalina.core.StandardEngine    : Starting Servlet engine: [Apache Tomcat/10.1.28]
2024-09-27T10:11:54.120+09:00  INFO 9668 --- [restartedMain] o.a.c.c.C.[Tomcat].[localhost].[/]       : Initializing Spring embedded WebApplicationContext
2024-09-27T10:11:54.121+09:00  INFO 9668 --- [restartedMain] w.s.c.ServletWebServerApplicationContext : Root WebApplicationContext: initialization completed in 863 ms
2024-09-27T10:11:54.211+09:00  INFO 9668 --- [restartedMain] com.zaxxer.hikari.HikariDataSource       : HikariPool-1 - Starting...
2024-09-27T10:11:54.468+09:00  INFO 9668 --- [restartedMain] com.zaxxer.hikari.pool.HikariPool        : HikariPool-1 - Added connection com.mysql.cj.jdbc.ConnectionImpl@390d2c44
2024-09-27T10:11:54.470+09:00  INFO 9668 --- [restartedMain] com.zaxxer.hikari.HikariDataSource       : HikariPool-1 - Start completed.
2024-09-27T10:11:54.500+09:00  INFO 9668 --- [restartedMain] o.hibernate.jpa.internal.util.LogHelper  : HHH000204: Processing PersistenceUnitInfo [name: default]
2024-09-27T10:11:54.549+09:00  INFO 9668 --- [restartedMain] org.hibernate.Version                    : HHH000412: Hibernate ORM core version 6.5.2.Final
2024-09-27T10:11:54.576+09:00  INFO 9668 --- [restartedMain] o.h.c.internal.RegionFactoryInitiator    : HHH000026: Second-level cache disabled
2024-09-27T10:11:54.809+09:00  INFO 9668 --- [restartedMain] o.s.o.j.p.SpringPersistenceUnitInfo      : No LoadTimeWeaver setup: ignoring JPA class transformer
2024-09-27T10:11:55.117+09:00  WARN 9668 --- [restartedMain] org.hibernate.mapping.RootClass          : HHH000038: Composite-id class does not override equals(): com.project.ecodein.dto.OrderDetail
2024-09-27T10:11:55.118+09:00  WARN 9668 --- [restartedMain] org.hibernate.mapping.RootClass          : HHH000039: Composite-id class does not override hashCode(): com.project.ecodein.dto.OrderDetail
2024-09-27T10:11:55.568+09:00  INFO 9668 --- [restartedMain] o.h.e.t.j.p.i.JtaPlatformInitiator       : HHH000489: No JTA platform available (set 'hibernate.transaction.jta.platform' to enable JTA platform integration)
2024-09-27T10:11:55.570+09:00  INFO 9668 --- [restartedMain] j.LocalContainerEntityManagerFactoryBean : Initialized JPA EntityManagerFactory for persistence unit 'default'
2024-09-27T10:11:56.129+09:00  INFO 9668 --- [restartedMain] o.s.d.j.r.query.QueryEnhancerFactory     : Hibernate is in classpath; If applicable, HQL parser will be used.
2024-09-27T10:11:56.530+09:00  WARN 9668 --- [restartedMain] JpaBaseConfiguration$JpaWebConfiguration : spring.jpa.open-in-view is enabled by default. Therefore, database queries may be performed during view rendering. Explicitly configure spring.jpa.open-in-view to disable this warning
2024-09-27T10:11:56.666+09:00  WARN 9668 --- [restartedMain] .s.s.UserDetailsServiceAutoConfiguration : 

Using generated security password: f6930afc-a1a7-4604-b9aa-8d4ef19d5314

This generated password is for development use only. Your security configuration must be updated before running your application in production.

2024-09-27T10:11:56.671+09:00  INFO 9668 --- [restartedMain] r$InitializeUserDetailsManagerConfigurer : Global AuthenticationManager configured with UserDetailsService bean with name inMemoryUserDetailsManager
2024-09-27T10:11:56.860+09:00  INFO 9668 --- [restartedMain] o.s.b.d.a.OptionalLiveReloadServer       : LiveReload server is running on port 35729
2024-09-27T10:11:56.889+09:00  INFO 9668 --- [restartedMain] o.s.b.w.embedded.tomcat.TomcatWebServer  : Tomcat started on port 80 (http) with context path '/'
2024-09-27T10:11:56.896+09:00  INFO 9668 --- [restartedMain] com.project.ecodein.EcoDeInApplication   : Started EcoDeInApplication in 3.922 seconds (process running for 4.334)
2024-09-27T10:22:01.252+09:00  INFO 9668 --- [File Watcher] rtingClassPathChangeChangedEventListener : Restarting due to 1 class path change (0 additions, 0 deletions, 1 modification)
2024-09-27T10:22:01.282+09:00  INFO 9668 --- [Thread-5] j.LocalContainerEntityManagerFactoryBean : Closing JPA EntityManagerFactory for persistence unit 'default'
2024-09-27T10:22:01.286+09:00  INFO 9668 --- [Thread-5] com.zaxxer.hikari.HikariDataSource       : HikariPool-1 - Shutdown initiated...
2024-09-27T10:22:01.367+09:00  INFO 9668 --- [Thread-5] com.zaxxer.hikari.HikariDataSource       : HikariPool-1 - Shutdown completed.
2024-09-27T10:22:01.415+09:00  INFO 9668 --- [restartedMain] com.project.ecodein.EcoDeInApplication   : Starting EcoDeInApplication using Java 17.0.11 with PID 9668 (D:\fullstack\workspace-final\eco_de_in\bin\main started by hi in D:\fullstack\workspace-final\eco_de_in)
2024-09-27T10:22:01.415+09:00  INFO 9668 --- [restartedMain] com.project.ecodein.EcoDeInApplication   : No active profile set, falling back to 1 default profile: "default"
2024-09-27T10:22:01.520+09:00  INFO 9668 --- [restartedMain] .s.d.r.c.RepositoryConfigurationDelegate : Bootstrapping Spring Data JPA repositories in DEFAULT mode.
2024-09-27T10:22:01.530+09:00  INFO 9668 --- [restartedMain] .s.d.r.c.RepositoryConfigurationDelegate : Finished Spring Data repository scanning in 10 ms. Found 7 JPA repository interfaces.
2024-09-27T10:22:01.596+09:00  INFO 9668 --- [restartedMain] o.s.b.w.embedded.tomcat.TomcatWebServer  : Tomcat initialized with port 80 (http)
2024-09-27T10:22:01.596+09:00  INFO 9668 --- [restartedMain] o.apache.catalina.core.StandardService   : Starting service [Tomcat]
2024-09-27T10:22:01.597+09:00  INFO 9668 --- [restartedMain] o.apache.catalina.core.StandardEngine    : Starting Servlet engine: [Apache Tomcat/10.1.28]
2024-09-27T10:22:01.612+09:00  INFO 9668 --- [restartedMain] o.a.c.c.C.[Tomcat].[localhost].[/]       : Initializing Spring embedded WebApplicationContext
2024-09-27T10:22:01.612+09:00  INFO 9668 --- [restartedMain] w.s.c.ServletWebServerApplicationContext : Root WebApplicationContext: initialization completed in 196 ms
2024-09-27T10:22:01.633+09:00  INFO 9668 --- [restartedMain] com.zaxxer.hikari.HikariDataSource       : HikariPool-2 - Starting...
2024-09-27T10:22:01.707+09:00  INFO 9668 --- [restartedMain] com.zaxxer.hikari.pool.HikariPool        : HikariPool-2 - Added connection com.mysql.cj.jdbc.ConnectionImpl@3e96404f
2024-09-27T10:22:01.707+09:00  INFO 9668 --- [restartedMain] com.zaxxer.hikari.HikariDataSource       : HikariPool-2 - Start completed.
2024-09-27T10:22:01.708+09:00  INFO 9668 --- [restartedMain] o.hibernate.jpa.internal.util.LogHelper  : HHH000204: Processing PersistenceUnitInfo [name: default]
2024-09-27T10:22:01.710+09:00  INFO 9668 --- [restartedMain] o.h.c.internal.RegionFactoryInitiator    : HHH000026: Second-level cache disabled
2024-09-27T10:22:01.716+09:00  INFO 9668 --- [restartedMain] o.s.o.j.p.SpringPersistenceUnitInfo      : No LoadTimeWeaver setup: ignoring JPA class transformer
2024-09-27T10:22:01.746+09:00  WARN 9668 --- [restartedMain] org.hibernate.mapping.RootClass          : HHH000038: Composite-id class does not override equals(): com.project.ecodein.dto.OrderDetail
2024-09-27T10:22:01.746+09:00  WARN 9668 --- [restartedMain] org.hibernate.mapping.RootClass          : HHH000039: Composite-id class does not override hashCode(): com.project.ecodein.dto.OrderDetail
2024-09-27T10:22:01.798+09:00  INFO 9668 --- [restartedMain] o.h.e.t.j.p.i.JtaPlatformInitiator       : HHH000489: No JTA platform available (set 'hibernate.transaction.jta.platform' to enable JTA platform integration)
2024-09-27T10:22:01.798+09:00  INFO 9668 --- [restartedMain] j.LocalContainerEntityManagerFactoryBean : Initialized JPA EntityManagerFactory for persistence unit 'default'
2024-09-27T10:22:01.862+09:00  WARN 9668 --- [restartedMain] ConfigServletWebServerApplicationContext : Exception encountered during context initialization - cancelling refresh attempt: org.springframework.beans.factory.BeanCreationException: Error creating bean with name 'stockController': Lookup method resolution failed
2024-09-27T10:22:01.863+09:00  INFO 9668 --- [restartedMain] j.LocalContainerEntityManagerFactoryBean : Closing JPA EntityManagerFactory for persistence unit 'default'
2024-09-27T10:22:01.863+09:00  INFO 9668 --- [restartedMain] com.zaxxer.hikari.HikariDataSource       : HikariPool-2 - Shutdown initiated...
2024-09-27T10:22:01.922+09:00  INFO 9668 --- [restartedMain] com.zaxxer.hikari.HikariDataSource       : HikariPool-2 - Shutdown completed.
2024-09-27T10:22:01.922+09:00  INFO 9668 --- [restartedMain] o.apache.catalina.core.StandardService   : Stopping service [Tomcat]
2024-09-27T10:22:01.926+09:00  INFO 9668 --- [restartedMain] .s.b.a.l.ConditionEvaluationReportLogger : 

Error starting ApplicationContext. To display the condition evaluation report re-run your application with 'debug' enabled.
2024-09-27T10:22:01.941+09:00 ERROR 9668 --- [restartedMain] o.s.boot.SpringApplication               : Application run failed

org.springframework.beans.factory.BeanCreationException: Error creating bean with name 'stockController': Lookup method resolution failed
	at org.springframework.beans.factory.annotation.AutowiredAnnotationBeanPostProcessor.checkLookupMethods(AutowiredAnnotationBeanPostProcessor.java:498) ~[spring-beans-6.1.12.jar:6.1.12]
	at org.springframework.beans.factory.annotation.AutowiredAnnotationBeanPostProcessor.determineCandidateConstructors(AutowiredAnnotationBeanPostProcessor.java:368) ~[spring-beans-6.1.12.jar:6.1.12]
	at org.springframework.beans.factory.support.AbstractAutowireCapableBeanFactory.determineConstructorsFromBeanPostProcessors(AbstractAutowireCapableBeanFactory.java:1314) ~[spring-beans-6.1.12.jar:6.1.12]
	at org.springframework.beans.factory.support.AbstractAutowireCapableBeanFactory.createBeanInstance(AbstractAutowireCapableBeanFactory.java:1209) ~[spring-beans-6.1.12.jar:6.1.12]
	at org.springframework.beans.factory.support.AbstractAutowireCapableBeanFactory.doCreateBean(AbstractAutowireCapableBeanFactory.java:562) ~[spring-beans-6.1.12.jar:6.1.12]
	at org.springframework.beans.factory.support.AbstractAutowireCapableBeanFactory.createBean(AbstractAutowireCapableBeanFactory.java:522) ~[spring-beans-6.1.12.jar:6.1.12]
	at org.springframework.beans.factory.support.AbstractBeanFactory.lambda$doGetBean$0(AbstractBeanFactory.java:337) ~[spring-beans-6.1.12.jar:6.1.12]
	at org.springframework.beans.factory.support.DefaultSingletonBeanRegistry.getSingleton(DefaultSingletonBeanRegistry.java:234) ~[spring-beans-6.1.12.jar:6.1.12]
	at org.springframework.beans.factory.support.AbstractBeanFactory.doGetBean(AbstractBeanFactory.java:335) ~[spring-beans-6.1.12.jar:6.1.12]
	at org.springframework.beans.factory.support.AbstractBeanFactory.getBean(AbstractBeanFactory.java:200) ~[spring-beans-6.1.12.jar:6.1.12]
	at org.springframework.beans.factory.support.DefaultListableBeanFactory.preInstantiateSingletons(DefaultListableBeanFactory.java:975) ~[spring-beans-6.1.12.jar:6.1.12]
	at org.springframework.context.support.AbstractApplicationContext.finishBeanFactoryInitialization(AbstractApplicationContext.java:971) ~[spring-context-6.1.12.jar:6.1.12]
	at org.springframework.context.support.AbstractApplicationContext.refresh(AbstractApplicationContext.java:625) ~[spring-context-6.1.12.jar:6.1.12]
	at org.springframework.boot.web.servlet.context.ServletWebServerApplicationContext.refresh(ServletWebServerApplicationContext.java:146) ~[spring-boot-3.3.3.jar:3.3.3]
	at org.springframework.boot.SpringApplication.refresh(SpringApplication.java:754) ~[spring-boot-3.3.3.jar:3.3.3]
	at org.springframework.boot.SpringApplication.refreshContext(SpringApplication.java:456) ~[spring-boot-3.3.3.jar:3.3.3]
	at org.springframework.boot.SpringApplication.run(SpringApplication.java:335) ~[spring-boot-3.3.3.jar:3.3.3]
	at org.springframework.boot.SpringApplication.run(SpringApplication.java:1363) ~[spring-boot-3.3.3.jar:3.3.3]
	at org.springframework.boot.SpringApplication.run(SpringApplication.java:1352) ~[spring-boot-3.3.3.jar:3.3.3]
	at com.project.ecodein.EcoDeInApplication.main(EcoDeInApplication.java:13) ~[main/:na]
	at java.base/jdk.internal.reflect.NativeMethodAccessorImpl.invoke0(Native Method) ~[na:na]
	at java.base/jdk.internal.reflect.NativeMethodAccessorImpl.invoke(NativeMethodAccessorImpl.java:77) ~[na:na]
	at java.base/jdk.internal.reflect.DelegatingMethodAccessorImpl.invoke(DelegatingMethodAccessorImpl.java:43) ~[na:na]
	at java.base/java.lang.reflect.Method.invoke(Method.java:568) ~[na:na]
	at org.springframework.boot.devtools.restart.RestartLauncher.run(RestartLauncher.java:50) ~[spring-boot-devtools-3.3.3.jar:3.3.3]
Caused by: java.lang.IllegalStateException: Failed to introspect Class [com.project.ecodein.controller.StockController] from ClassLoader [org.springframework.boot.devtools.restart.classloader.RestartClassLoader@1fab1ff1]
	at org.springframework.util.ReflectionUtils.getDeclaredMethods(ReflectionUtils.java:483) ~[spring-core-6.1.12.jar:6.1.12]
	at org.springframework.util.ReflectionUtils.doWithLocalMethods(ReflectionUtils.java:320) ~[spring-core-6.1.12.jar:6.1.12]
	at org.springframework.beans.factory.annotation.AutowiredAnnotationBeanPostProcessor.checkLookupMethods(AutowiredAnnotationBeanPostProcessor.java:476) ~[spring-beans-6.1.12.jar:6.1.12]
	... 24 common frames omitted
Caused by: java.lang.NoClassDefFoundError: Stinrg
	at java.base/java.lang.Class.getDeclaredMethods0(Native Method) ~[na:na]
	at java.base/java.lang.Class.privateGetDeclaredMethods(Class.java:3402) ~[na:na]
	at java.base/java.lang.Class.getDeclaredMethods(Class.java:2504) ~[na:na]
	at org.springframework.util.ReflectionUtils.getDeclaredMethods(ReflectionUtils.java:465) ~[spring-core-6.1.12.jar:6.1.12]
	... 26 common frames omitted
Caused by: java.lang.ClassNotFoundException: Stinrg
	at java.base/jdk.internal.loader.BuiltinClassLoader.loadClass(BuiltinClassLoader.java:641) ~[na:na]
	at java.base/jdk.internal.loader.ClassLoaders$AppClassLoader.loadClass(ClassLoaders.java:188) ~[na:na]
	at java.base/java.lang.ClassLoader.loadClass(ClassLoader.java:520) ~[na:na]
	at java.base/java.lang.Class.forName0(Native Method) ~[na:na]
	at java.base/java.lang.Class.forName(Class.java:467) ~[na:na]
	at org.springframework.boot.devtools.restart.classloader.RestartClassLoader.loadClass(RestartClassLoader.java:121) ~[spring-boot-devtools-3.3.3.jar:3.3.3]
	at java.base/java.lang.ClassLoader.loadClass(ClassLoader.java:520) ~[na:na]
	... 30 common frames omitted

2024-09-27T10:22:08.491+09:00  INFO 9668 --- [restartedMain] com.project.ecodein.EcoDeInApplication   : Starting EcoDeInApplication using Java 17.0.11 with PID 9668 (D:\fullstack\workspace-final\eco_de_in\bin\main started by hi in D:\fullstack\workspace-final\eco_de_in)
2024-09-27T10:22:08.491+09:00  INFO 9668 --- [restartedMain] com.project.ecodein.EcoDeInApplication   : No active profile set, falling back to 1 default profile: "default"
2024-09-27T10:22:08.579+09:00  INFO 9668 --- [restartedMain] .s.d.r.c.RepositoryConfigurationDelegate : Bootstrapping Spring Data JPA repositories in DEFAULT mode.
2024-09-27T10:22:08.589+09:00  INFO 9668 --- [restartedMain] .s.d.r.c.RepositoryConfigurationDelegate : Finished Spring Data repository scanning in 9 ms. Found 7 JPA repository interfaces.
2024-09-27T10:22:08.648+09:00  INFO 9668 --- [restartedMain] o.s.b.w.embedded.tomcat.TomcatWebServer  : Tomcat initialized with port 80 (http)
2024-09-27T10:22:08.648+09:00  INFO 9668 --- [restartedMain] o.apache.catalina.core.StandardService   : Starting service [Tomcat]
2024-09-27T10:22:08.649+09:00  INFO 9668 --- [restartedMain] o.apache.catalina.core.StandardEngine    : Starting Servlet engine: [Apache Tomcat/10.1.28]
2024-09-27T10:22:08.664+09:00  INFO 9668 --- [restartedMain] o.a.c.c.C.[Tomcat-1].[localhost].[/]     : Initializing Spring embedded WebApplicationContext
2024-09-27T10:22:08.664+09:00  INFO 9668 --- [restartedMain] w.s.c.ServletWebServerApplicationContext : Root WebApplicationContext: initialization completed in 172 ms
2024-09-27T10:22:08.681+09:00  INFO 9668 --- [restartedMain] com.zaxxer.hikari.HikariDataSource       : HikariPool-3 - Starting...
2024-09-27T10:22:08.754+09:00  INFO 9668 --- [restartedMain] com.zaxxer.hikari.pool.HikariPool        : HikariPool-3 - Added connection com.mysql.cj.jdbc.ConnectionImpl@255ee155
2024-09-27T10:22:08.754+09:00  INFO 9668 --- [restartedMain] com.zaxxer.hikari.HikariDataSource       : HikariPool-3 - Start completed.
2024-09-27T10:22:08.755+09:00  INFO 9668 --- [restartedMain] o.hibernate.jpa.internal.util.LogHelper  : HHH000204: Processing PersistenceUnitInfo [name: default]
2024-09-27T10:22:08.756+09:00  INFO 9668 --- [restartedMain] o.h.c.internal.RegionFactoryInitiator    : HHH000026: Second-level cache disabled
2024-09-27T10:22:08.761+09:00  INFO 9668 --- [restartedMain] o.s.o.j.p.SpringPersistenceUnitInfo      : No LoadTimeWeaver setup: ignoring JPA class transformer
2024-09-27T10:22:08.786+09:00  WARN 9668 --- [restartedMain] org.hibernate.mapping.RootClass          : HHH000038: Composite-id class does not override equals(): com.project.ecodein.dto.OrderDetail
2024-09-27T10:22:08.786+09:00  WARN 9668 --- [restartedMain] org.hibernate.mapping.RootClass          : HHH000039: Composite-id class does not override hashCode(): com.project.ecodein.dto.OrderDetail
2024-09-27T10:22:08.826+09:00  INFO 9668 --- [restartedMain] o.h.e.t.j.p.i.JtaPlatformInitiator       : HHH000489: No JTA platform available (set 'hibernate.transaction.jta.platform' to enable JTA platform integration)
2024-09-27T10:22:08.827+09:00  INFO 9668 --- [restartedMain] j.LocalContainerEntityManagerFactoryBean : Initialized JPA EntityManagerFactory for persistence unit 'default'
2024-09-27T10:22:08.917+09:00  WARN 9668 --- [restartedMain] JpaBaseConfiguration$JpaWebConfiguration : spring.jpa.open-in-view is enabled by default. Therefore, database queries may be performed during view rendering. Explicitly configure spring.jpa.open-in-view to disable this warning
2024-09-27T10:22:08.945+09:00  WARN 9668 --- [restartedMain] .s.s.UserDetailsServiceAutoConfiguration : 

Using generated security password: a27cb183-f666-4e1e-af33-62ab4a41ffbb

This generated password is for development use only. Your security configuration must be updated before running your application in production.

2024-09-27T10:22:08.946+09:00  INFO 9668 --- [restartedMain] r$InitializeUserDetailsManagerConfigurer : Global AuthenticationManager configured with UserDetailsService bean with name inMemoryUserDetailsManager
2024-09-27T10:22:08.989+09:00  INFO 9668 --- [restartedMain] o.s.b.d.a.OptionalLiveReloadServer       : LiveReload server is running on port 35729
2024-09-27T10:22:08.999+09:00  INFO 9668 --- [restartedMain] o.s.b.w.embedded.tomcat.TomcatWebServer  : Tomcat started on port 80 (http) with context path '/'
2024-09-27T10:22:09.002+09:00  INFO 9668 --- [restartedMain] com.project.ecodein.EcoDeInApplication   : Started EcoDeInApplication in 0.527 seconds (process running for 616.44)
2024-09-27T10:22:09.003+09:00  INFO 9668 --- [restartedMain] .ConditionEvaluationDeltaLoggingListener : Condition evaluation unchanged
2024-09-27T10:25:17.546+09:00  INFO 9668 --- [RMI TCP Connection(28)-127.0.0.1] inMXBeanRegistrar$SpringApplicationAdmin : Application shutdown requested.
2024-09-27T10:25:17.573+09:00  INFO 9668 --- [RMI TCP Connection(28)-127.0.0.1] j.LocalContainerEntityManagerFactoryBean : Closing JPA EntityManagerFactory for persistence unit 'default'
2024-09-27T10:25:17.574+09:00  INFO 9668 --- [RMI TCP Connection(28)-127.0.0.1] com.zaxxer.hikari.HikariDataSource       : HikariPool-3 - Shutdown initiated...
2024-09-27T10:25:17.620+09:00  INFO 9668 --- [RMI TCP Connection(28)-127.0.0.1] com.zaxxer.hikari.HikariDataSource       : HikariPool-3 - Shutdown completed.
2024-09-27T10:25:18.844+09:00  INFO 1244 --- [restartedMain] com.project.ecodein.EcoDeInApplication   : Starting EcoDeInApplication using Java 17.0.11 with PID 1244 (D:\fullstack\workspace-final\eco_de_in\bin\main started by hi in D:\fullstack\workspace-final\eco_de_in)
2024-09-27T10:25:18.846+09:00  INFO 1244 --- [restartedMain] com.project.ecodein.EcoDeInApplication   : No active profile set, falling back to 1 default profile: "default"
2024-09-27T10:25:18.871+09:00  INFO 1244 --- [restartedMain] .e.DevToolsPropertyDefaultsPostProcessor : Devtools property defaults active! Set 'spring.devtools.add-properties' to 'false' to disable
2024-09-27T10:25:18.871+09:00  INFO 1244 --- [restartedMain] .e.DevToolsPropertyDefaultsPostProcessor : For additional web related logging consider setting the 'logging.level.web' property to 'DEBUG'
2024-09-27T10:25:19.231+09:00  INFO 1244 --- [restartedMain] .s.d.r.c.RepositoryConfigurationDelegate : Bootstrapping Spring Data JPA repositories in DEFAULT mode.
2024-09-27T10:25:19.272+09:00  INFO 1244 --- [restartedMain] .s.d.r.c.RepositoryConfigurationDelegate : Finished Spring Data repository scanning in 37 ms. Found 7 JPA repository interfaces.
2024-09-27T10:25:19.608+09:00  INFO 1244 --- [restartedMain] o.s.b.w.embedded.tomcat.TomcatWebServer  : Tomcat initialized with port 80 (http)
2024-09-27T10:25:19.616+09:00  INFO 1244 --- [restartedMain] o.apache.catalina.core.StandardService   : Starting service [Tomcat]
2024-09-27T10:25:19.616+09:00  INFO 1244 --- [restartedMain] o.apache.catalina.core.StandardEngine    : Starting Servlet engine: [Apache Tomcat/10.1.28]
2024-09-27T10:25:19.653+09:00  INFO 1244 --- [restartedMain] o.a.c.c.C.[Tomcat].[localhost].[/]       : Initializing Spring embedded WebApplicationContext
2024-09-27T10:25:19.653+09:00  INFO 1244 --- [restartedMain] w.s.c.ServletWebServerApplicationContext : Root WebApplicationContext: initialization completed in 781 ms
2024-09-27T10:25:19.727+09:00  INFO 1244 --- [restartedMain] com.zaxxer.hikari.HikariDataSource       : HikariPool-1 - Starting...
2024-09-27T10:25:19.964+09:00  INFO 1244 --- [restartedMain] com.zaxxer.hikari.pool.HikariPool        : HikariPool-1 - Added connection com.mysql.cj.jdbc.ConnectionImpl@3a55c98d
2024-09-27T10:25:19.966+09:00  INFO 1244 --- [restartedMain] com.zaxxer.hikari.HikariDataSource       : HikariPool-1 - Start completed.
2024-09-27T10:25:19.990+09:00  INFO 1244 --- [restartedMain] o.hibernate.jpa.internal.util.LogHelper  : HHH000204: Processing PersistenceUnitInfo [name: default]
2024-09-27T10:25:20.021+09:00  INFO 1244 --- [restartedMain] org.hibernate.Version                    : HHH000412: Hibernate ORM core version 6.5.2.Final
2024-09-27T10:25:20.041+09:00  INFO 1244 --- [restartedMain] o.h.c.internal.RegionFactoryInitiator    : HHH000026: Second-level cache disabled
2024-09-27T10:25:20.223+09:00  INFO 1244 --- [restartedMain] o.s.o.j.p.SpringPersistenceUnitInfo      : No LoadTimeWeaver setup: ignoring JPA class transformer
2024-09-27T10:25:20.463+09:00  WARN 1244 --- [restartedMain] org.hibernate.mapping.RootClass          : HHH000038: Composite-id class does not override equals(): com.project.ecodein.dto.OrderDetail
2024-09-27T10:25:20.464+09:00  WARN 1244 --- [restartedMain] org.hibernate.mapping.RootClass          : HHH000039: Composite-id class does not override hashCode(): com.project.ecodein.dto.OrderDetail
2024-09-27T10:25:20.863+09:00  INFO 1244 --- [restartedMain] o.h.e.t.j.p.i.JtaPlatformInitiator       : HHH000489: No JTA platform available (set 'hibernate.transaction.jta.platform' to enable JTA platform integration)
2024-09-27T10:25:20.866+09:00  INFO 1244 --- [restartedMain] j.LocalContainerEntityManagerFactoryBean : Initialized JPA EntityManagerFactory for persistence unit 'default'
2024-09-27T10:25:21.335+09:00  INFO 1244 --- [restartedMain] o.s.d.j.r.query.QueryEnhancerFactory     : Hibernate is in classpath; If applicable, HQL parser will be used.
2024-09-27T10:25:21.697+09:00  WARN 1244 --- [restartedMain] JpaBaseConfiguration$JpaWebConfiguration : spring.jpa.open-in-view is enabled by default. Therefore, database queries may be performed during view rendering. Explicitly configure spring.jpa.open-in-view to disable this warning
2024-09-27T10:25:21.809+09:00  WARN 1244 --- [restartedMain] .s.s.UserDetailsServiceAutoConfiguration : 

Using generated security password: aa1f6ae2-caac-4159-b2a0-6f57d8ab77aa

This generated password is for development use only. Your security configuration must be updated before running your application in production.

2024-09-27T10:25:21.814+09:00  INFO 1244 --- [restartedMain] r$InitializeUserDetailsManagerConfigurer : Global AuthenticationManager configured with UserDetailsService bean with name inMemoryUserDetailsManager
2024-09-27T10:25:21.969+09:00  INFO 1244 --- [restartedMain] o.s.b.d.a.OptionalLiveReloadServer       : LiveReload server is running on port 35729
2024-09-27T10:25:22.001+09:00  INFO 1244 --- [restartedMain] o.s.b.w.embedded.tomcat.TomcatWebServer  : Tomcat started on port 80 (http) with context path '/'
2024-09-27T10:25:22.007+09:00  INFO 1244 --- [restartedMain] com.project.ecodein.EcoDeInApplication   : Started EcoDeInApplication in 3.402 seconds (process running for 3.789)
2024-09-27T10:25:27.911+09:00  INFO 1244 --- [http-nio-80-exec-2] o.a.c.c.C.[Tomcat].[localhost].[/]       : Initializing Spring DispatcherServlet 'dispatcherServlet'
2024-09-27T10:25:27.911+09:00  INFO 1244 --- [http-nio-80-exec-2] o.s.web.servlet.DispatcherServlet        : Initializing Servlet 'dispatcherServlet'
2024-09-27T10:25:27.912+09:00  INFO 1244 --- [http-nio-80-exec-2] o.s.web.servlet.DispatcherServlet        : Completed initialization in 1 ms
2024-09-27T10:25:28.097+09:00  WARN 1244 --- [http-nio-80-exec-4] o.s.web.servlet.PageNotFound             : No mapping for GET /favicon.ico
2024-09-27T10:25:28.101+09:00  WARN 1244 --- [http-nio-80-exec-4] o.s.web.servlet.PageNotFound             : No endpoint GET /favicon.ico.
2024-09-27T10:25:36.432+09:00  WARN 1244 --- [http-nio-80-exec-6] actStandardFragmentInsertionTagProcessor : [THYMELEAF][http-nio-80-exec-6][main] Deprecated unwrapped fragment expression "fragments/sidebar :: sidebarFragment" found in template main, line 122, col 14. Please use the complete syntax of fragment expressions instead ("~{fragments/sidebar :: sidebarFragment}"). The old, unwrapped syntax for fragment expressions will be removed in future versions of Thymeleaf.
2024-09-27T10:25:39.732+09:00  WARN 1244 --- [http-nio-80-exec-5] actStandardFragmentInsertionTagProcessor : [THYMELEAF][http-nio-80-exec-5][stock/stock] Deprecated unwrapped fragment expression "fragments/sidebar :: sidebarFragment" found in template stock/stock, line 195, col 14. Please use the complete syntax of fragment expressions instead ("~{fragments/sidebar :: sidebarFragment}"). The old, unwrapped syntax for fragment expressions will be removed in future versions of Thymeleaf.
2024-09-27T10:25:41.029+09:00  WARN 1244 --- [http-nio-80-exec-8] actStandardFragmentInsertionTagProcessor : [THYMELEAF][http-nio-80-exec-8][stock/addStock] Deprecated unwrapped fragment expression "fragments/sidebar :: sidebarFragment" found in template stock/addStock, line 26, col 14. Please use the complete syntax of fragment expressions instead ("~{fragments/sidebar :: sidebarFragment}"). The old, unwrapped syntax for fragment expressions will be removed in future versions of Thymeleaf.
2024-09-27T10:25:44.159+09:00  WARN 1244 --- [http-nio-80-exec-8] actStandardFragmentInsertionTagProcessor : [THYMELEAF][http-nio-80-exec-8][stock/stock] Deprecated unwrapped fragment expression "fragments/sidebar :: sidebarFragment" found in template stock/stock, line 195, col 14. Please use the complete syntax of fragment expressions instead ("~{fragments/sidebar :: sidebarFragment}"). The old, unwrapped syntax for fragment expressions will be removed in future versions of Thymeleaf.
2024-09-27T10:26:51.683+09:00  WARN 1244 --- [http-nio-80-exec-5] actStandardFragmentInsertionTagProcessor : [THYMELEAF][http-nio-80-exec-5][stock/stock] Deprecated unwrapped fragment expression "fragments/sidebar :: sidebarFragment" found in template stock/stock, line 195, col 14. Please use the complete syntax of fragment expressions instead ("~{fragments/sidebar :: sidebarFragment}"). The old, unwrapped syntax for fragment expressions will be removed in future versions of Thymeleaf.
2024-09-27T10:26:52.594+09:00  WARN 1244 --- [http-nio-80-exec-8] actStandardFragmentInsertionTagProcessor : [THYMELEAF][http-nio-80-exec-8][stock/addStock] Deprecated unwrapped fragment expression "fragments/sidebar :: sidebarFragment" found in template stock/addStock, line 26, col 14. Please use the complete syntax of fragment expressions instead ("~{fragments/sidebar :: sidebarFragment}"). The old, unwrapped syntax for fragment expressions will be removed in future versions of Thymeleaf.
2024-09-27T10:28:05.316+09:00  WARN 1244 --- [http-nio-80-exec-1] actStandardFragmentInsertionTagProcessor : [THYMELEAF][http-nio-80-exec-1][stock/addStock] Deprecated unwrapped fragment expression "fragments/sidebar :: sidebarFragment" found in template stock/addStock, line 26, col 14. Please use the complete syntax of fragment expressions instead ("~{fragments/sidebar :: sidebarFragment}"). The old, unwrapped syntax for fragment expressions will be removed in future versions of Thymeleaf.
2024-09-27T10:28:07.036+09:00  WARN 1244 --- [http-nio-80-exec-1] actStandardFragmentInsertionTagProcessor : [THYMELEAF][http-nio-80-exec-1][stock/addStock] Deprecated unwrapped fragment expression "fragments/sidebar :: sidebarFragment" found in template stock/addStock, line 26, col 14. Please use the complete syntax of fragment expressions instead ("~{fragments/sidebar :: sidebarFragment}"). The old, unwrapped syntax for fragment expressions will be removed in future versions of Thymeleaf.
2024-09-27T10:28:07.329+09:00  WARN 1244 --- [http-nio-80-exec-1] actStandardFragmentInsertionTagProcessor : [THYMELEAF][http-nio-80-exec-1][stock/addStock] Deprecated unwrapped fragment expression "fragments/sidebar :: sidebarFragment" found in template stock/addStock, line 26, col 14. Please use the complete syntax of fragment expressions instead ("~{fragments/sidebar :: sidebarFragment}"). The old, unwrapped syntax for fragment expressions will be removed in future versions of Thymeleaf.
2024-09-27T10:28:16.589+09:00  WARN 1244 --- [http-nio-80-exec-1] actStandardFragmentInsertionTagProcessor : [THYMELEAF][http-nio-80-exec-1][stock/addStock] Deprecated unwrapped fragment expression "fragments/sidebar :: sidebarFragment" found in template stock/addStock, line 26, col 14. Please use the complete syntax of fragment expressions instead ("~{fragments/sidebar :: sidebarFragment}"). The old, unwrapped syntax for fragment expressions will be removed in future versions of Thymeleaf.
2024-09-27T10:28:29.035+09:00  WARN 1244 --- [http-nio-80-exec-1] actStandardFragmentInsertionTagProcessor : [THYMELEAF][http-nio-80-exec-1][stock/addStock] Deprecated unwrapped fragment expression "fragments/sidebar :: sidebarFragment" found in template stock/addStock, line 26, col 14. Please use the complete syntax of fragment expressions instead ("~{fragments/sidebar :: sidebarFragment}"). The old, unwrapped syntax for fragment expressions will be removed in future versions of Thymeleaf.
2024-09-27T10:28:35.795+09:00  WARN 1244 --- [http-nio-80-exec-1] actStandardFragmentInsertionTagProcessor : [THYMELEAF][http-nio-80-exec-1][stock/addStock] Deprecated unwrapped fragment expression "fragments/sidebar :: sidebarFragment" found in template stock/addStock, line 26, col 14. Please use the complete syntax of fragment expressions instead ("~{fragments/sidebar :: sidebarFragment}"). The old, unwrapped syntax for fragment expressions will be removed in future versions of Thymeleaf.
2024-09-27T10:28:41.076+09:00  WARN 1244 --- [http-nio-80-exec-1] actStandardFragmentInsertionTagProcessor : [THYMELEAF][http-nio-80-exec-1][stock/addStock] Deprecated unwrapped fragment expression "fragments/sidebar :: sidebarFragment" found in template stock/addStock, line 26, col 14. Please use the complete syntax of fragment expressions instead ("~{fragments/sidebar :: sidebarFragment}"). The old, unwrapped syntax for fragment expressions will be removed in future versions of Thymeleaf.
2024-09-27T10:48:52.500+09:00  WARN 1244 --- [http-nio-80-exec-2] actStandardFragmentInsertionTagProcessor : [THYMELEAF][http-nio-80-exec-2][stock/addStock] Deprecated unwrapped fragment expression "fragments/sidebar :: sidebarFragment" found in template stock/addStock, line 26, col 14. Please use the complete syntax of fragment expressions instead ("~{fragments/sidebar :: sidebarFragment}"). The old, unwrapped syntax for fragment expressions will be removed in future versions of Thymeleaf.
2024-09-27T11:02:12.250+09:00  WARN 1244 --- [http-nio-80-exec-3] actStandardFragmentInsertionTagProcessor : [THYMELEAF][http-nio-80-exec-3][stock/stock] Deprecated unwrapped fragment expression "fragments/sidebar :: sidebarFragment" found in template stock/stock, line 195, col 14. Please use the complete syntax of fragment expressions instead ("~{fragments/sidebar :: sidebarFragment}"). The old, unwrapped syntax for fragment expressions will be removed in future versions of Thymeleaf.
2024-09-27T11:12:26.110+09:00  WARN 1244 --- [http-nio-80-exec-6] actStandardFragmentInsertionTagProcessor : [THYMELEAF][http-nio-80-exec-6][stock/stock] Deprecated unwrapped fragment expression "fragments/sidebar :: sidebarFragment" found in template stock/stock, line 195, col 14. Please use the complete syntax of fragment expressions instead ("~{fragments/sidebar :: sidebarFragment}"). The old, unwrapped syntax for fragment expressions will be removed in future versions of Thymeleaf.
2024-09-27T11:12:35.078+09:00  WARN 1244 --- [http-nio-80-exec-3] actStandardFragmentInsertionTagProcessor : [THYMELEAF][http-nio-80-exec-3][stock/stock] Deprecated unwrapped fragment expression "fragments/sidebar :: sidebarFragment" found in template stock/stock, line 195, col 14. Please use the complete syntax of fragment expressions instead ("~{fragments/sidebar :: sidebarFragment}"). The old, unwrapped syntax for fragment expressions will be removed in future versions of Thymeleaf.
2024-09-27T11:12:37.332+09:00  WARN 1244 --- [http-nio-80-exec-1] actStandardFragmentInsertionTagProcessor : [THYMELEAF][http-nio-80-exec-1][stock/stock] Deprecated unwrapped fragment expression "fragments/sidebar :: sidebarFragment" found in template stock/stock, line 195, col 14. Please use the complete syntax of fragment expressions instead ("~{fragments/sidebar :: sidebarFragment}"). The old, unwrapped syntax for fragment expressions will be removed in future versions of Thymeleaf.
2024-09-27T11:12:39.735+09:00  WARN 1244 --- [http-nio-80-exec-10] actStandardFragmentInsertionTagProcessor : [THYMELEAF][http-nio-80-exec-10][stock/stock] Deprecated unwrapped fragment expression "fragments/sidebar :: sidebarFragment" found in template stock/stock, line 195, col 14. Please use the complete syntax of fragment expressions instead ("~{fragments/sidebar :: sidebarFragment}"). The old, unwrapped syntax for fragment expressions will be removed in future versions of Thymeleaf.
2024-09-27T11:12:41.433+09:00  WARN 1244 --- [http-nio-80-exec-7] actStandardFragmentInsertionTagProcessor : [THYMELEAF][http-nio-80-exec-7][stock/stock] Deprecated unwrapped fragment expression "fragments/sidebar :: sidebarFragment" found in template stock/stock, line 195, col 14. Please use the complete syntax of fragment expressions instead ("~{fragments/sidebar :: sidebarFragment}"). The old, unwrapped syntax for fragment expressions will be removed in future versions of Thymeleaf.
2024-09-27T11:17:45.980+09:00  WARN 1244 --- [http-nio-80-exec-9] actStandardFragmentInsertionTagProcessor : [THYMELEAF][http-nio-80-exec-9][stock/addStock] Deprecated unwrapped fragment expression "fragments/sidebar :: sidebarFragment" found in template stock/addStock, line 25, col 14. Please use the complete syntax of fragment expressions instead ("~{fragments/sidebar :: sidebarFragment}"). The old, unwrapped syntax for fragment expressions will be removed in future versions of Thymeleaf.
2024-09-27T11:17:49.820+09:00  WARN 1244 --- [http-nio-80-exec-9] .w.s.m.s.DefaultHandlerExceptionResolver : Resolved [org.springframework.web.HttpRequestMethodNotSupportedException: Request method 'POST' is not supported]
2024-09-27T11:17:51.816+09:00  WARN 1244 --- [http-nio-80-exec-10] actStandardFragmentInsertionTagProcessor : [THYMELEAF][http-nio-80-exec-10][stock/addStock] Deprecated unwrapped fragment expression "fragments/sidebar :: sidebarFragment" found in template stock/addStock, line 25, col 14. Please use the complete syntax of fragment expressions instead ("~{fragments/sidebar :: sidebarFragment}"). The old, unwrapped syntax for fragment expressions will be removed in future versions of Thymeleaf.
2024-09-27T11:22:10.801+09:00  WARN 1244 --- [http-nio-80-exec-10] actStandardFragmentInsertionTagProcessor : [THYMELEAF][http-nio-80-exec-10][stock/addStock] Deprecated unwrapped fragment expression "fragments/sidebar :: sidebarFragment" found in template stock/addStock, line 25, col 14. Please use the complete syntax of fragment expressions instead ("~{fragments/sidebar :: sidebarFragment}"). The old, unwrapped syntax for fragment expressions will be removed in future versions of Thymeleaf.
2024-09-27T11:22:37.743+09:00  WARN 1244 --- [http-nio-80-exec-8] actStandardFragmentInsertionTagProcessor : [THYMELEAF][http-nio-80-exec-8][stock/addStock] Deprecated unwrapped fragment expression "fragments/sidebar :: sidebarFragment" found in template stock/addStock, line 25, col 14. Please use the complete syntax of fragment expressions instead ("~{fragments/sidebar :: sidebarFragment}"). The old, unwrapped syntax for fragment expressions will be removed in future versions of Thymeleaf.
2024-09-27T11:23:00.059+09:00  INFO 1244 --- [RMI TCP Connection(68)-127.0.0.1] inMXBeanRegistrar$SpringApplicationAdmin : Application shutdown requested.
2024-09-27T11:23:00.088+09:00  INFO 1244 --- [RMI TCP Connection(68)-127.0.0.1] j.LocalContainerEntityManagerFactoryBean : Closing JPA EntityManagerFactory for persistence unit 'default'
2024-09-27T11:23:00.090+09:00  INFO 1244 --- [RMI TCP Connection(68)-127.0.0.1] com.zaxxer.hikari.HikariDataSource       : HikariPool-1 - Shutdown initiated...
2024-09-27T11:23:00.136+09:00  INFO 1244 --- [RMI TCP Connection(68)-127.0.0.1] com.zaxxer.hikari.HikariDataSource       : HikariPool-1 - Shutdown completed.
