2024-10-07T00:37:10.339+09:00  INFO 21660 --- [restartedMain] com.project.ecodein.EcoDeInApplication   : Starting EcoDeInApplication using Java 17.0.10 with PID 21660 (E:\@team-project\@main-project\@source\ECOde_IN\eco_de_in\out\production\classes started by yubin in E:\@team-project\@main-project\@source\ECOde_IN\eco_de_in)
2024-10-07T00:37:10.345+09:00  INFO 21660 --- [restartedMain] com.project.ecodein.EcoDeInApplication   : No active profile set, falling back to 1 default profile: "default"
2024-10-07T00:37:10.394+09:00  INFO 21660 --- [restartedMain] .e.DevToolsPropertyDefaultsPostProcessor : Devtools property defaults active! Set 'spring.devtools.add-properties' to 'false' to disable
2024-10-07T00:37:10.394+09:00  INFO 21660 --- [restartedMain] .e.DevToolsPropertyDefaultsPostProcessor : For additional web related logging consider setting the 'logging.level.web' property to 'DEBUG'
2024-10-07T00:37:11.050+09:00  INFO 21660 --- [restartedMain] .s.d.r.c.RepositoryConfigurationDelegate : Bootstrapping Spring Data JPA repositories in DEFAULT mode.
2024-10-07T00:37:11.119+09:00  INFO 21660 --- [restartedMain] .s.d.r.c.RepositoryConfigurationDelegate : Finished Spring Data repository scanning in 61 ms. Found 12 JPA repository interfaces.
2024-10-07T00:37:11.610+09:00  INFO 21660 --- [restartedMain] o.s.b.w.embedded.tomcat.TomcatWebServer  : Tomcat initialized with port 80 (http)
2024-10-07T00:37:11.623+09:00  INFO 21660 --- [restartedMain] o.apache.catalina.core.StandardService   : Starting service [Tomcat]
2024-10-07T00:37:11.623+09:00  INFO 21660 --- [restartedMain] o.apache.catalina.core.StandardEngine    : Starting Servlet engine: [Apache Tomcat/10.1.28]
2024-10-07T00:37:11.678+09:00  INFO 21660 --- [restartedMain] o.a.c.c.C.[Tomcat].[localhost].[/]       : Initializing Spring embedded WebApplicationContext
2024-10-07T00:37:11.678+09:00  INFO 21660 --- [restartedMain] w.s.c.ServletWebServerApplicationContext : Root WebApplicationContext: initialization completed in 1283 ms
2024-10-07T00:37:11.790+09:00  INFO 21660 --- [restartedMain] com.zaxxer.hikari.HikariDataSource       : HikariPool-1 - Starting...
2024-10-07T00:37:12.290+09:00  INFO 21660 --- [restartedMain] com.zaxxer.hikari.pool.HikariPool        : HikariPool-1 - Added connection com.mysql.cj.jdbc.ConnectionImpl@5cdec8df
2024-10-07T00:37:12.292+09:00  INFO 21660 --- [restartedMain] com.zaxxer.hikari.HikariDataSource       : HikariPool-1 - Start completed.
2024-10-07T00:37:12.329+09:00  INFO 21660 --- [restartedMain] o.hibernate.jpa.internal.util.LogHelper  : HHH000204: Processing PersistenceUnitInfo [name: default]
2024-10-07T00:37:12.387+09:00  INFO 21660 --- [restartedMain] org.hibernate.Version                    : HHH000412: Hibernate ORM core version 6.5.2.Final
2024-10-07T00:37:12.421+09:00  INFO 21660 --- [restartedMain] o.h.c.internal.RegionFactoryInitiator    : HHH000026: Second-level cache disabled
2024-10-07T00:37:12.726+09:00  INFO 21660 --- [restartedMain] o.s.o.j.p.SpringPersistenceUnitInfo      : No LoadTimeWeaver setup: ignoring JPA class transformer
2024-10-07T00:37:13.758+09:00  INFO 21660 --- [restartedMain] o.h.e.t.j.p.i.JtaPlatformInitiator       : HHH000489: No JTA platform available (set 'hibernate.transaction.jta.platform' to enable JTA platform integration)
2024-10-07T00:37:13.761+09:00  INFO 21660 --- [restartedMain] j.LocalContainerEntityManagerFactoryBean : Initialized JPA EntityManagerFactory for persistence unit 'default'
2024-10-07T00:37:14.429+09:00  INFO 21660 --- [restartedMain] o.s.d.j.r.query.QueryEnhancerFactory     : Hibernate is in classpath; If applicable, HQL parser will be used.
2024-10-07T00:37:14.967+09:00  WARN 21660 --- [restartedMain] JpaBaseConfiguration$JpaWebConfiguration : spring.jpa.open-in-view is enabled by default. Therefore, database queries may be performed during view rendering. Explicitly configure spring.jpa.open-in-view to disable this warning
2024-10-07T00:37:15.132+09:00  WARN 21660 --- [restartedMain] .s.s.UserDetailsServiceAutoConfiguration : 

Using generated security password: 987d1055-4300-4b0f-80ce-0786c6e42c78

This generated password is for development use only. Your security configuration must be updated before running your application in production.

2024-10-07T00:37:15.139+09:00  INFO 21660 --- [restartedMain] r$InitializeUserDetailsManagerConfigurer : Global AuthenticationManager configured with UserDetailsService bean with name inMemoryUserDetailsManager
2024-10-07T00:37:15.403+09:00  INFO 21660 --- [restartedMain] o.s.b.d.a.OptionalLiveReloadServer       : LiveReload server is running on port 35729
2024-10-07T00:37:15.446+09:00  INFO 21660 --- [restartedMain] o.s.b.w.embedded.tomcat.TomcatWebServer  : Tomcat started on port 80 (http) with context path '/'
2024-10-07T00:37:15.452+09:00  INFO 21660 --- [restartedMain] com.project.ecodein.EcoDeInApplication   : Started EcoDeInApplication in 5.496 seconds (process running for 6.331)
