2024-10-21T10:02:13.405+09:00  WARN 5864 --- [restartedMain] JpaBaseConfiguration$JpaWebConfiguration : spring.jpa.open-in-view is enabled by default. Therefore, database queries may be performed during view rendering. Explicitly configure spring.jpa.open-in-view to disable this warning
2024-10-21T10:02:13.579+09:00  WARN 5864 --- [restartedMain] .s.s.UserDetailsServiceAutoConfiguration : 

Using generated security password: 67a8e456-20ab-4d11-8f78-4dd461fbf481

This generated password is for development use only. Your security configuration must be updated before running your application in production.

2024-10-21T10:02:19.076+09:00  WARN 5864 --- [http-nio-80-exec-5] o.s.web.servlet.PageNotFound             : No mapping for GET /favicon.ico
2024-10-21T10:02:19.079+09:00  WARN 5864 --- [http-nio-80-exec-5] o.s.web.servlet.PageNotFound             : No endpoint GET /favicon.ico.
2024-10-21T10:13:30.155+09:00  WARN 5864 --- [http-nio-80-exec-2] actStandardFragmentInsertionTagProcessor : [THYMELEAF][http-nio-80-exec-2][board/board] Deprecated unwrapped fragment expression "fragments/sidebar :: sidebarFragment" found in template board/board, line 131, col 15. Please use the complete syntax of fragment expressions instead ("~{fragments/sidebar :: sidebarFragment}"). The old, unwrapped syntax for fragment expressions will be removed in future versions of Thymeleaf.
2024-10-21T10:13:31.730+09:00  WARN 5864 --- [http-nio-80-exec-3] actStandardFragmentInsertionTagProcessor : [THYMELEAF][http-nio-80-exec-3][board/add] Deprecated unwrapped fragment expression "fragments/sidebar :: sidebarFragment" found in template board/add, line 45, col 17. Please use the complete syntax of fragment expressions instead ("~{fragments/sidebar :: sidebarFragment}"). The old, unwrapped syntax for fragment expressions will be removed in future versions of Thymeleaf.
2024-10-21T10:13:53.483+09:00  WARN 5864 --- [http-nio-80-exec-8] actStandardFragmentInsertionTagProcessor : [THYMELEAF][http-nio-80-exec-8][board/board] Deprecated unwrapped fragment expression "fragments/sidebar :: sidebarFragment" found in template board/board, line 131, col 15. Please use the complete syntax of fragment expressions instead ("~{fragments/sidebar :: sidebarFragment}"). The old, unwrapped syntax for fragment expressions will be removed in future versions of Thymeleaf.
2024-10-21T10:15:01.435+09:00  WARN 5864 --- [http-nio-80-exec-6] actStandardFragmentInsertionTagProcessor : [THYMELEAF][http-nio-80-exec-6][board/add] Deprecated unwrapped fragment expression "fragments/sidebar :: sidebarFragment" found in template board/add, line 45, col 17. Please use the complete syntax of fragment expressions instead ("~{fragments/sidebar :: sidebarFragment}"). The old, unwrapped syntax for fragment expressions will be removed in future versions of Thymeleaf.
2024-10-21T10:15:25.165+09:00  WARN 5864 --- [http-nio-80-exec-5] actStandardFragmentInsertionTagProcessor : [THYMELEAF][http-nio-80-exec-5][board/board] Deprecated unwrapped fragment expression "fragments/sidebar :: sidebarFragment" found in template board/board, line 131, col 15. Please use the complete syntax of fragment expressions instead ("~{fragments/sidebar :: sidebarFragment}"). The old, unwrapped syntax for fragment expressions will be removed in future versions of Thymeleaf.
2024-10-21T10:17:27.122+09:00  WARN 5864 --- [http-nio-80-exec-4] actStandardFragmentInsertionTagProcessor : [THYMELEAF][http-nio-80-exec-4][board/board] Deprecated unwrapped fragment expression "fragments/sidebar :: sidebarFragment" found in template board/board, line 131, col 15. Please use the complete syntax of fragment expressions instead ("~{fragments/sidebar :: sidebarFragment}"). The old, unwrapped syntax for fragment expressions will be removed in future versions of Thymeleaf.
2024-10-21T10:17:28.721+09:00  WARN 5864 --- [http-nio-80-exec-1] actStandardFragmentInsertionTagProcessor : [THYMELEAF][http-nio-80-exec-1][board/boardDetail] Deprecated unwrapped fragment expression "fragments/sidebar :: sidebarFragment" found in template board/boardDetail, line 68, col 14. Please use the complete syntax of fragment expressions instead ("~{fragments/sidebar :: sidebarFragment}"). The old, unwrapped syntax for fragment expressions will be removed in future versions of Thymeleaf.
2024-10-21T10:17:33.487+09:00  WARN 5864 --- [http-nio-80-exec-6] actStandardFragmentInsertionTagProcessor : [THYMELEAF][http-nio-80-exec-6][return/return] Deprecated unwrapped fragment expression "fragments/sidebar :: sidebarFragment" found in template return/return, line 411, col 13. Please use the complete syntax of fragment expressions instead ("~{fragments/sidebar :: sidebarFragment}"). The old, unwrapped syntax for fragment expressions will be removed in future versions of Thymeleaf.
2024-10-21T10:17:39.081+09:00  WARN 5864 --- [http-nio-80-exec-7] actStandardFragmentInsertionTagProcessor : [THYMELEAF][http-nio-80-exec-7][return/return] Deprecated unwrapped fragment expression "fragments/sidebar :: sidebarFragment" found in template return/return, line 411, col 13. Please use the complete syntax of fragment expressions instead ("~{fragments/sidebar :: sidebarFragment}"). The old, unwrapped syntax for fragment expressions will be removed in future versions of Thymeleaf.
2024-10-21T10:17:48.762+09:00  WARN 5864 --- [http-nio-80-exec-7] actStandardFragmentInsertionTagProcessor : [THYMELEAF][http-nio-80-exec-7][approval/approval-list] Deprecated unwrapped fragment expression "fragments/sidebar :: sidebarFragment" found in template approval/approval-list, line 144, col 15. Please use the complete syntax of fragment expressions instead ("~{fragments/sidebar :: sidebarFragment}"). The old, unwrapped syntax for fragment expressions will be removed in future versions of Thymeleaf.
2024-10-21T10:17:50.082+09:00  WARN 5864 --- [http-nio-80-exec-2] actStandardFragmentInsertionTagProcessor : [THYMELEAF][http-nio-80-exec-2][board/board] Deprecated unwrapped fragment expression "fragments/sidebar :: sidebarFragment" found in template board/board, line 131, col 15. Please use the complete syntax of fragment expressions instead ("~{fragments/sidebar :: sidebarFragment}"). The old, unwrapped syntax for fragment expressions will be removed in future versions of Thymeleaf.
2024-10-21T10:17:56.690+09:00  WARN 5864 --- [http-nio-80-exec-1] actStandardFragmentInsertionTagProcessor : [THYMELEAF][http-nio-80-exec-1][board/board] Deprecated unwrapped fragment expression "fragments/sidebar :: sidebarFragment" found in template board/board, line 131, col 15. Please use the complete syntax of fragment expressions instead ("~{fragments/sidebar :: sidebarFragment}"). The old, unwrapped syntax for fragment expressions will be removed in future versions of Thymeleaf.
2024-10-21T10:17:57.544+09:00  WARN 5864 --- [http-nio-80-exec-10] actStandardFragmentInsertionTagProcessor : [THYMELEAF][http-nio-80-exec-10][board/boardDetail] Deprecated unwrapped fragment expression "fragments/sidebar :: sidebarFragment" found in template board/boardDetail, line 68, col 14. Please use the complete syntax of fragment expressions instead ("~{fragments/sidebar :: sidebarFragment}"). The old, unwrapped syntax for fragment expressions will be removed in future versions of Thymeleaf.
2024-10-21T10:18:06.528+09:00  WARN 5864 --- [http-nio-80-exec-3] actStandardFragmentInsertionTagProcessor : [THYMELEAF][http-nio-80-exec-3][board/boardDetail] Deprecated unwrapped fragment expression "fragments/sidebar :: sidebarFragment" found in template board/boardDetail, line 68, col 14. Please use the complete syntax of fragment expressions instead ("~{fragments/sidebar :: sidebarFragment}"). The old, unwrapped syntax for fragment expressions will be removed in future versions of Thymeleaf.
2024-10-21T10:18:12.884+09:00  WARN 5864 --- [http-nio-80-exec-3] actStandardFragmentInsertionTagProcessor : [THYMELEAF][http-nio-80-exec-3][board/boardDetail] Deprecated unwrapped fragment expression "fragments/sidebar :: sidebarFragment" found in template board/boardDetail, line 68, col 14. Please use the complete syntax of fragment expressions instead ("~{fragments/sidebar :: sidebarFragment}"). The old, unwrapped syntax for fragment expressions will be removed in future versions of Thymeleaf.
2024-10-21T10:18:12.961+09:00  WARN 5864 --- [http-nio-80-exec-1] actStandardFragmentInsertionTagProcessor : [THYMELEAF][http-nio-80-exec-1][board/boardDetail] Deprecated unwrapped fragment expression "fragments/sidebar :: sidebarFragment" found in template board/boardDetail, line 68, col 14. Please use the complete syntax of fragment expressions instead ("~{fragments/sidebar :: sidebarFragment}"). The old, unwrapped syntax for fragment expressions will be removed in future versions of Thymeleaf.
2024-10-21T10:18:14.599+09:00  WARN 5864 --- [http-nio-80-exec-9] actStandardFragmentInsertionTagProcessor : [THYMELEAF][http-nio-80-exec-9][board/boardDetail] Deprecated unwrapped fragment expression "fragments/sidebar :: sidebarFragment" found in template board/boardDetail, line 68, col 14. Please use the complete syntax of fragment expressions instead ("~{fragments/sidebar :: sidebarFragment}"). The old, unwrapped syntax for fragment expressions will be removed in future versions of Thymeleaf.
2024-10-21T10:18:22.614+09:00  WARN 5864 --- [http-nio-80-exec-5] actStandardFragmentInsertionTagProcessor : [THYMELEAF][http-nio-80-exec-5][board/boardDetail] Deprecated unwrapped fragment expression "fragments/sidebar :: sidebarFragment" found in template board/boardDetail, line 68, col 14. Please use the complete syntax of fragment expressions instead ("~{fragments/sidebar :: sidebarFragment}"). The old, unwrapped syntax for fragment expressions will be removed in future versions of Thymeleaf.
2024-10-21T10:18:24.603+09:00  WARN 5864 --- [http-nio-80-exec-3] actStandardFragmentInsertionTagProcessor : [THYMELEAF][http-nio-80-exec-3][board/board] Deprecated unwrapped fragment expression "fragments/sidebar :: sidebarFragment" found in template board/board, line 131, col 15. Please use the complete syntax of fragment expressions instead ("~{fragments/sidebar :: sidebarFragment}"). The old, unwrapped syntax for fragment expressions will be removed in future versions of Thymeleaf.
2024-10-21T10:18:25.777+09:00  WARN 5864 --- [http-nio-80-exec-7] actStandardFragmentInsertionTagProcessor : [THYMELEAF][http-nio-80-exec-7][board/boardDetail] Deprecated unwrapped fragment expression "fragments/sidebar :: sidebarFragment" found in template board/boardDetail, line 68, col 14. Please use the complete syntax of fragment expressions instead ("~{fragments/sidebar :: sidebarFragment}"). The old, unwrapped syntax for fragment expressions will be removed in future versions of Thymeleaf.
2024-10-21T10:18:50.900+09:00  WARN 5864 --- [http-nio-80-exec-7] actStandardFragmentInsertionTagProcessor : [THYMELEAF][http-nio-80-exec-7][board/board] Deprecated unwrapped fragment expression "fragments/sidebar :: sidebarFragment" found in template board/board, line 131, col 15. Please use the complete syntax of fragment expressions instead ("~{fragments/sidebar :: sidebarFragment}"). The old, unwrapped syntax for fragment expressions will be removed in future versions of Thymeleaf.
2024-10-21T10:18:51.716+09:00  WARN 5864 --- [http-nio-80-exec-10] actStandardFragmentInsertionTagProcessor : [THYMELEAF][http-nio-80-exec-10][board/boardDetail] Deprecated unwrapped fragment expression "fragments/sidebar :: sidebarFragment" found in template board/boardDetail, line 68, col 14. Please use the complete syntax of fragment expressions instead ("~{fragments/sidebar :: sidebarFragment}"). The old, unwrapped syntax for fragment expressions will be removed in future versions of Thymeleaf.
2024-10-21T10:19:10.198+09:00  WARN 5864 --- [http-nio-80-exec-3] actStandardFragmentInsertionTagProcessor : [THYMELEAF][http-nio-80-exec-3][board/boardDetail] Deprecated unwrapped fragment expression "fragments/sidebar :: sidebarFragment" found in template board/boardDetail, line 68, col 14. Please use the complete syntax of fragment expressions instead ("~{fragments/sidebar :: sidebarFragment}"). The old, unwrapped syntax for fragment expressions will be removed in future versions of Thymeleaf.
2024-10-21T10:19:17.071+09:00  WARN 5864 --- [http-nio-80-exec-1] actStandardFragmentInsertionTagProcessor : [THYMELEAF][http-nio-80-exec-1][board/boardDetail] Deprecated unwrapped fragment expression "fragments/sidebar :: sidebarFragment" found in template board/boardDetail, line 68, col 14. Please use the complete syntax of fragment expressions instead ("~{fragments/sidebar :: sidebarFragment}"). The old, unwrapped syntax for fragment expressions will be removed in future versions of Thymeleaf.
2024-10-21T10:19:26.045+09:00  WARN 5864 --- [http-nio-80-exec-3] actStandardFragmentInsertionTagProcessor : [THYMELEAF][http-nio-80-exec-3][board/board] Deprecated unwrapped fragment expression "fragments/sidebar :: sidebarFragment" found in template board/board, line 131, col 15. Please use the complete syntax of fragment expressions instead ("~{fragments/sidebar :: sidebarFragment}"). The old, unwrapped syntax for fragment expressions will be removed in future versions of Thymeleaf.
2024-10-21T10:19:27.738+09:00  WARN 5864 --- [http-nio-80-exec-1] actStandardFragmentInsertionTagProcessor : [THYMELEAF][http-nio-80-exec-1][board/boardDetail] Deprecated unwrapped fragment expression "fragments/sidebar :: sidebarFragment" found in template board/boardDetail, line 68, col 14. Please use the complete syntax of fragment expressions instead ("~{fragments/sidebar :: sidebarFragment}"). The old, unwrapped syntax for fragment expressions will be removed in future versions of Thymeleaf.
2024-10-21T10:19:29.860+09:00  WARN 5864 --- [http-nio-80-exec-8] actStandardFragmentInsertionTagProcessor : [THYMELEAF][http-nio-80-exec-8][board/board] Deprecated unwrapped fragment expression "fragments/sidebar :: sidebarFragment" found in template board/board, line 131, col 15. Please use the complete syntax of fragment expressions instead ("~{fragments/sidebar :: sidebarFragment}"). The old, unwrapped syntax for fragment expressions will be removed in future versions of Thymeleaf.
2024-10-21T11:30:10.292+09:00  WARN 5864 --- [restartedMain] ConfigServletWebServerApplicationContext : Exception encountered during context initialization - cancelling refresh attempt: org.springframework.beans.factory.BeanCreationException: Error creating bean with name 'approvalController': Resolution of declared constructors on bean Class [com.project.ecodein.controller.ApprovalController] from ClassLoader [org.springframework.boot.devtools.restart.classloader.RestartClassLoader@32a522e9] failed
2024-10-21T11:30:10.419+09:00 ERROR 5864 --- [restartedMain] o.s.boot.SpringApplication               : Application run failed

org.springframework.beans.factory.BeanCreationException: Error creating bean with name 'approvalController': Resolution of declared constructors on bean Class [com.project.ecodein.controller.ApprovalController] from ClassLoader [org.springframework.boot.devtools.restart.classloader.RestartClassLoader@32a522e9] failed
	at org.springframework.beans.factory.annotation.AutowiredAnnotationBeanPostProcessor.determineCandidateConstructors(AutowiredAnnotationBeanPostProcessor.java:384) ~[spring-beans-6.1.12.jar:6.1.12]
	at org.springframework.beans.factory.support.AbstractAutowireCapableBeanFactory.determineConstructorsFromBeanPostProcessors(AbstractAutowireCapableBeanFactory.java:1314) ~[spring-beans-6.1.12.jar:6.1.12]
	at org.springframework.beans.factory.support.AbstractAutowireCapableBeanFactory.createBeanInstance(AbstractAutowireCapableBeanFactory.java:1209) ~[spring-beans-6.1.12.jar:6.1.12]
	at org.springframework.beans.factory.support.AbstractAutowireCapableBeanFactory.doCreateBean(AbstractAutowireCapableBeanFactory.java:562) ~[spring-beans-6.1.12.jar:6.1.12]
	at org.springframework.beans.factory.support.AbstractAutowireCapableBeanFactory.createBean(AbstractAutowireCapableBeanFactory.java:522) ~[spring-beans-6.1.12.jar:6.1.12]
	at org.springframework.beans.factory.support.AbstractBeanFactory.lambda$doGetBean$0(AbstractBeanFactory.java:337) ~[spring-beans-6.1.12.jar:6.1.12]
	at org.springframework.beans.factory.support.DefaultSingletonBeanRegistry.getSingleton(DefaultSingletonBeanRegistry.java:234) ~[spring-beans-6.1.12.jar:6.1.12]
	at org.springframework.beans.factory.support.AbstractBeanFactory.doGetBean(AbstractBeanFactory.java:335) ~[spring-beans-6.1.12.jar:6.1.12]
	at org.springframework.beans.factory.support.AbstractBeanFactory.getBean(AbstractBeanFactory.java:200) ~[spring-beans-6.1.12.jar:6.1.12]
	at org.springframework.beans.factory.support.DefaultListableBeanFactory.preInstantiateSingletons(DefaultListableBeanFactory.java:975) ~[spring-beans-6.1.12.jar:6.1.12]
	at org.springframework.context.support.AbstractApplicationContext.finishBeanFactoryInitialization(AbstractApplicationContext.java:971) ~[spring-context-6.1.12.jar:6.1.12]
	at org.springframework.context.support.AbstractApplicationContext.refresh(AbstractApplicationContext.java:625) ~[spring-context-6.1.12.jar:6.1.12]
	at org.springframework.boot.web.servlet.context.ServletWebServerApplicationContext.refresh(ServletWebServerApplicationContext.java:146) ~[spring-boot-3.3.3.jar:3.3.3]
	at org.springframework.boot.SpringApplication.refresh(SpringApplication.java:754) ~[spring-boot-3.3.3.jar:3.3.3]
	at org.springframework.boot.SpringApplication.refreshContext(SpringApplication.java:456) ~[spring-boot-3.3.3.jar:3.3.3]
	at org.springframework.boot.SpringApplication.run(SpringApplication.java:335) ~[spring-boot-3.3.3.jar:3.3.3]
	at org.springframework.boot.SpringApplication.run(SpringApplication.java:1363) ~[spring-boot-3.3.3.jar:3.3.3]
	at org.springframework.boot.SpringApplication.run(SpringApplication.java:1352) ~[spring-boot-3.3.3.jar:3.3.3]
	at com.project.ecodein.EcoDeInApplication.main(EcoDeInApplication.java:13) ~[main/:na]
	at java.base/jdk.internal.reflect.NativeMethodAccessorImpl.invoke0(Native Method) ~[na:na]
	at java.base/jdk.internal.reflect.NativeMethodAccessorImpl.invoke(NativeMethodAccessorImpl.java:77) ~[na:na]
	at java.base/jdk.internal.reflect.DelegatingMethodAccessorImpl.invoke(DelegatingMethodAccessorImpl.java:43) ~[na:na]
	at java.base/java.lang.reflect.Method.invoke(Method.java:568) ~[na:na]
	at org.springframework.boot.devtools.restart.RestartLauncher.run(RestartLauncher.java:50) ~[spring-boot-devtools-3.3.3.jar:3.3.3]
Caused by: java.lang.NoClassDefFoundError: ApprovalStatusLableService
	at java.base/java.lang.Class.getDeclaredConstructors0(Native Method) ~[na:na]
	at java.base/java.lang.Class.privateGetDeclaredConstructors(Class.java:3373) ~[na:na]
	at java.base/java.lang.Class.getDeclaredConstructors(Class.java:2555) ~[na:na]
	at org.springframework.beans.factory.annotation.AutowiredAnnotationBeanPostProcessor.determineCandidateConstructors(AutowiredAnnotationBeanPostProcessor.java:379) ~[spring-beans-6.1.12.jar:6.1.12]
	... 23 common frames omitted
Caused by: java.lang.ClassNotFoundException: ApprovalStatusLableService
	at java.base/jdk.internal.loader.BuiltinClassLoader.loadClass(BuiltinClassLoader.java:641) ~[na:na]
	at java.base/jdk.internal.loader.ClassLoaders$AppClassLoader.loadClass(ClassLoaders.java:188) ~[na:na]
	at java.base/java.lang.ClassLoader.loadClass(ClassLoader.java:520) ~[na:na]
	at java.base/java.lang.Class.forName0(Native Method) ~[na:na]
	at java.base/java.lang.Class.forName(Class.java:467) ~[na:na]
	at org.springframework.boot.devtools.restart.classloader.RestartClassLoader.loadClass(RestartClassLoader.java:121) ~[spring-boot-devtools-3.3.3.jar:3.3.3]
	at java.base/java.lang.ClassLoader.loadClass(ClassLoader.java:520) ~[na:na]
	... 27 common frames omitted

